Aug 30 2019 17:48:26,502 [main]  INFO - Hingeto listing export process has started.
Aug 30 2019 17:48:32,445 [main] ERROR - com.pacsun.hingeto.listingexport.process.ListingExportProcess : javax.xml.bind.UnmarshalException: unexpected element (uri:"https://www.hingeto.com/xml/V0.1", local:"feed"). Expected elements are <{}feed>
	at com.sun.xml.bind.v2.runtime.unmarshaller.UnmarshallingContext.handleEvent(UnmarshallingContext.java:662)
	at com.sun.xml.bind.v2.runtime.unmarshaller.Loader.reportError(Loader.java:258)
	at com.sun.xml.bind.v2.runtime.unmarshaller.Loader.reportError(Loader.java:253)
	at com.sun.xml.bind.v2.runtime.unmarshaller.Loader.reportUnexpectedChildElement(Loader.java:120)
	at com.sun.xml.bind.v2.runtime.unmarshaller.UnmarshallingContext$DefaultRootLoader.childElement(UnmarshallingContext.java:1063)
	at com.sun.xml.bind.v2.runtime.unmarshaller.UnmarshallingContext._startElement(UnmarshallingContext.java:498)
	at com.sun.xml.bind.v2.runtime.unmarshaller.UnmarshallingContext.startElement(UnmarshallingContext.java:480)
	at com.sun.xml.bind.v2.runtime.unmarshaller.SAXConnector.startElement(SAXConnector.java:150)
	at com.sun.org.apache.xerces.internal.parsers.AbstractSAXParser.startElement(AbstractSAXParser.java:509)
	at com.sun.org.apache.xerces.internal.impl.XMLNSDocumentScannerImpl.scanStartElement(XMLNSDocumentScannerImpl.java:379)
	at com.sun.org.apache.xerces.internal.impl.XMLNSDocumentScannerImpl$NSContentDriver.scanRootElementHook(XMLNSDocumentScannerImpl.java:605)
	at com.sun.org.apache.xerces.internal.impl.XMLDocumentFragmentScannerImpl$FragmentContentDriver.next(XMLDocumentFragmentScannerImpl.java:3138)
	at com.sun.org.apache.xerces.internal.impl.XMLDocumentScannerImpl$PrologDriver.next(XMLDocumentScannerImpl.java:880)
	at com.sun.org.apache.xerces.internal.impl.XMLDocumentScannerImpl.next(XMLDocumentScannerImpl.java:606)
	at com.sun.org.apache.xerces.internal.impl.XMLNSDocumentScannerImpl.next(XMLNSDocumentScannerImpl.java:117)
	at com.sun.org.apache.xerces.internal.impl.XMLDocumentFragmentScannerImpl.scanDocument(XMLDocumentFragmentScannerImpl.java:510)
	at com.sun.org.apache.xerces.internal.parsers.XML11Configuration.parse(XML11Configuration.java:848)
	at com.sun.org.apache.xerces.internal.parsers.XML11Configuration.parse(XML11Configuration.java:777)
	at com.sun.org.apache.xerces.internal.parsers.XMLParser.parse(XMLParser.java:141)
	at com.sun.org.apache.xerces.internal.parsers.AbstractSAXParser.parse(AbstractSAXParser.java:1213)
	at com.sun.org.apache.xerces.internal.jaxp.SAXParserImpl$JAXPSAXParser.parse(SAXParserImpl.java:649)
	at com.sun.xml.bind.v2.runtime.unmarshaller.UnmarshallerImpl.unmarshal0(UnmarshallerImpl.java:218)
	at com.sun.xml.bind.v2.runtime.unmarshaller.UnmarshallerImpl.unmarshal(UnmarshallerImpl.java:190)
	at javax.xml.bind.helpers.AbstractUnmarshallerImpl.unmarshal(AbstractUnmarshallerImpl.java:157)
	at javax.xml.bind.helpers.AbstractUnmarshallerImpl.unmarshal(AbstractUnmarshallerImpl.java:204)
	at com.pacsun.util.JAXBUnmarshallerUtil.getJAXBObject(JAXBUnmarshallerUtil.java:23)
	at com.pacsun.hingeto.listingexport.process.ListingExportProcess.unMarshalListingExportXmlFile(ListingExportProcess.java:130)
	at com.pacsun.hingeto.listingexport.process.ListingExportProcess.processFiles(ListingExportProcess.java:72)
	at com.pacsun.hingeto.listingexport.process.ListingExportProcess.start(ListingExportProcess.java:59)
	at com.pacsun.hingeto.listingexport.process.ListingExportRequestor.run(ListingExportRequestor.java:33)
	at com.pacsun.hingeto.listingexport.process.ListingExportRequestor.main(ListingExportRequestor.java:18)

Aug 30 2019 17:48:32,461 [main] ERROR - com.pacsun.hingeto.listingexport.process.ListingExportRequestor : Error in hingeto listing export.
java.lang.Exception: com.pacsun.hingeto.listingexport.process.ListingExportProcess : javax.xml.bind.UnmarshalException: unexpected element (uri:"https://www.hingeto.com/xml/V0.1", local:"feed"). Expected elements are <{}feed>
	at com.sun.xml.bind.v2.runtime.unmarshaller.UnmarshallingContext.handleEvent(UnmarshallingContext.java:662)
	at com.sun.xml.bind.v2.runtime.unmarshaller.Loader.reportError(Loader.java:258)
	at com.sun.xml.bind.v2.runtime.unmarshaller.Loader.reportError(Loader.java:253)
	at com.sun.xml.bind.v2.runtime.unmarshaller.Loader.reportUnexpectedChildElement(Loader.java:120)
	at com.sun.xml.bind.v2.runtime.unmarshaller.UnmarshallingContext$DefaultRootLoader.childElement(UnmarshallingContext.java:1063)
	at com.sun.xml.bind.v2.runtime.unmarshaller.UnmarshallingContext._startElement(UnmarshallingContext.java:498)
	at com.sun.xml.bind.v2.runtime.unmarshaller.UnmarshallingContext.startElement(UnmarshallingContext.java:480)
	at com.sun.xml.bind.v2.runtime.unmarshaller.SAXConnector.startElement(SAXConnector.java:150)
	at com.sun.org.apache.xerces.internal.parsers.AbstractSAXParser.startElement(AbstractSAXParser.java:509)
	at com.sun.org.apache.xerces.internal.impl.XMLNSDocumentScannerImpl.scanStartElement(XMLNSDocumentScannerImpl.java:379)
	at com.sun.org.apache.xerces.internal.impl.XMLNSDocumentScannerImpl$NSContentDriver.scanRootElementHook(XMLNSDocumentScannerImpl.java:605)
	at com.sun.org.apache.xerces.internal.impl.XMLDocumentFragmentScannerImpl$FragmentContentDriver.next(XMLDocumentFragmentScannerImpl.java:3138)
	at com.sun.org.apache.xerces.internal.impl.XMLDocumentScannerImpl$PrologDriver.next(XMLDocumentScannerImpl.java:880)
	at com.sun.org.apache.xerces.internal.impl.XMLDocumentScannerImpl.next(XMLDocumentScannerImpl.java:606)
	at com.sun.org.apache.xerces.internal.impl.XMLNSDocumentScannerImpl.next(XMLNSDocumentScannerImpl.java:117)
	at com.sun.org.apache.xerces.internal.impl.XMLDocumentFragmentScannerImpl.scanDocument(XMLDocumentFragmentScannerImpl.java:510)
	at com.sun.org.apache.xerces.internal.parsers.XML11Configuration.parse(XML11Configuration.java:848)
	at com.sun.org.apache.xerces.internal.parsers.XML11Configuration.parse(XML11Configuration.java:777)
	at com.sun.org.apache.xerces.internal.parsers.XMLParser.parse(XMLParser.java:141)
	at com.sun.org.apache.xerces.internal.parsers.AbstractSAXParser.parse(AbstractSAXParser.java:1213)
	at com.sun.org.apache.xerces.internal.jaxp.SAXParserImpl$JAXPSAXParser.parse(SAXParserImpl.java:649)
	at com.sun.xml.bind.v2.runtime.unmarshaller.UnmarshallerImpl.unmarshal0(UnmarshallerImpl.java:218)
	at com.sun.xml.bind.v2.runtime.unmarshaller.UnmarshallerImpl.unmarshal(UnmarshallerImpl.java:190)
	at javax.xml.bind.helpers.AbstractUnmarshallerImpl.unmarshal(AbstractUnmarshallerImpl.java:157)
	at javax.xml.bind.helpers.AbstractUnmarshallerImpl.unmarshal(AbstractUnmarshallerImpl.java:204)
	at com.pacsun.util.JAXBUnmarshallerUtil.getJAXBObject(JAXBUnmarshallerUtil.java:23)
	at com.pacsun.hingeto.listingexport.process.ListingExportProcess.unMarshalListingExportXmlFile(ListingExportProcess.java:130)
	at com.pacsun.hingeto.listingexport.process.ListingExportProcess.processFiles(ListingExportProcess.java:72)
	at com.pacsun.hingeto.listingexport.process.ListingExportProcess.start(ListingExportProcess.java:59)
	at com.pacsun.hingeto.listingexport.process.ListingExportRequestor.run(ListingExportRequestor.java:33)
	at com.pacsun.hingeto.listingexport.process.ListingExportRequestor.main(ListingExportRequestor.java:18)

	at com.pacsun.hingeto.listingexport.process.ListingExportProcess.unMarshalListingExportXmlFile(ListingExportProcess.java:135)
	at com.pacsun.hingeto.listingexport.process.ListingExportProcess.processFiles(ListingExportProcess.java:72)
	at com.pacsun.hingeto.listingexport.process.ListingExportProcess.start(ListingExportProcess.java:59)
	at com.pacsun.hingeto.listingexport.process.ListingExportRequestor.run(ListingExportRequestor.java:33)
	at com.pacsun.hingeto.listingexport.process.ListingExportRequestor.main(ListingExportRequestor.java:18)

Aug 30 2019 17:48:32,477 [main] ERROR - java.lang.Exception: com.pacsun.hingeto.listingexport.process.ListingExportRequestor : Error in hingeto listing export.
java.lang.Exception: com.pacsun.hingeto.listingexport.process.ListingExportProcess : javax.xml.bind.UnmarshalException: unexpected element (uri:"https://www.hingeto.com/xml/V0.1", local:"feed"). Expected elements are <{}feed>
	at com.sun.xml.bind.v2.runtime.unmarshaller.UnmarshallingContext.handleEvent(UnmarshallingContext.java:662)
	at com.sun.xml.bind.v2.runtime.unmarshaller.Loader.reportError(Loader.java:258)
	at com.sun.xml.bind.v2.runtime.unmarshaller.Loader.reportError(Loader.java:253)
	at com.sun.xml.bind.v2.runtime.unmarshaller.Loader.reportUnexpectedChildElement(Loader.java:120)
	at com.sun.xml.bind.v2.runtime.unmarshaller.UnmarshallingContext$DefaultRootLoader.childElement(UnmarshallingContext.java:1063)
	at com.sun.xml.bind.v2.runtime.unmarshaller.UnmarshallingContext._startElement(UnmarshallingContext.java:498)
	at com.sun.xml.bind.v2.runtime.unmarshaller.UnmarshallingContext.startElement(UnmarshallingContext.java:480)
	at com.sun.xml.bind.v2.runtime.unmarshaller.SAXConnector.startElement(SAXConnector.java:150)
	at com.sun.org.apache.xerces.internal.parsers.AbstractSAXParser.startElement(AbstractSAXParser.java:509)
	at com.sun.org.apache.xerces.internal.impl.XMLNSDocumentScannerImpl.scanStartElement(XMLNSDocumentScannerImpl.java:379)
	at com.sun.org.apache.xerces.internal.impl.XMLNSDocumentScannerImpl$NSContentDriver.scanRootElementHook(XMLNSDocumentScannerImpl.java:605)
	at com.sun.org.apache.xerces.internal.impl.XMLDocumentFragmentScannerImpl$FragmentContentDriver.next(XMLDocumentFragmentScannerImpl.java:3138)
	at com.sun.org.apache.xerces.internal.impl.XMLDocumentScannerImpl$PrologDriver.next(XMLDocumentScannerImpl.java:880)
	at com.sun.org.apache.xerces.internal.impl.XMLDocumentScannerImpl.next(XMLDocumentScannerImpl.java:606)
	at com.sun.org.apache.xerces.internal.impl.XMLNSDocumentScannerImpl.next(XMLNSDocumentScannerImpl.java:117)
	at com.sun.org.apache.xerces.internal.impl.XMLDocumentFragmentScannerImpl.scanDocument(XMLDocumentFragmentScannerImpl.java:510)
	at com.sun.org.apache.xerces.internal.parsers.XML11Configuration.parse(XML11Configuration.java:848)
	at com.sun.org.apache.xerces.internal.parsers.XML11Configuration.parse(XML11Configuration.java:777)
	at com.sun.org.apache.xerces.internal.parsers.XMLParser.parse(XMLParser.java:141)
	at com.sun.org.apache.xerces.internal.parsers.AbstractSAXParser.parse(AbstractSAXParser.java:1213)
	at com.sun.org.apache.xerces.internal.jaxp.SAXParserImpl$JAXPSAXParser.parse(SAXParserImpl.java:649)
	at com.sun.xml.bind.v2.runtime.unmarshaller.UnmarshallerImpl.unmarshal0(UnmarshallerImpl.java:218)
	at com.sun.xml.bind.v2.runtime.unmarshaller.UnmarshallerImpl.unmarshal(UnmarshallerImpl.java:190)
	at javax.xml.bind.helpers.AbstractUnmarshallerImpl.unmarshal(AbstractUnmarshallerImpl.java:157)
	at javax.xml.bind.helpers.AbstractUnmarshallerImpl.unmarshal(AbstractUnmarshallerImpl.java:204)
	at com.pacsun.util.JAXBUnmarshallerUtil.getJAXBObject(JAXBUnmarshallerUtil.java:23)
	at com.pacsun.hingeto.listingexport.process.ListingExportProcess.unMarshalListingExportXmlFile(ListingExportProcess.java:130)
	at com.pacsun.hingeto.listingexport.process.ListingExportProcess.processFiles(ListingExportProcess.java:72)
	at com.pacsun.hingeto.listingexport.process.ListingExportProcess.start(ListingExportProcess.java:59)
	at com.pacsun.hingeto.listingexport.process.ListingExportRequestor.run(ListingExportRequestor.java:33)
	at com.pacsun.hingeto.listingexport.process.ListingExportRequestor.main(ListingExportRequestor.java:18)

	at com.pacsun.hingeto.listingexport.process.ListingExportProcess.unMarshalListingExportXmlFile(ListingExportProcess.java:135)
	at com.pacsun.hingeto.listingexport.process.ListingExportProcess.processFiles(ListingExportProcess.java:72)
	at com.pacsun.hingeto.listingexport.process.ListingExportProcess.start(ListingExportProcess.java:59)
	at com.pacsun.hingeto.listingexport.process.ListingExportRequestor.run(ListingExportRequestor.java:33)
	at com.pacsun.hingeto.listingexport.process.ListingExportRequestor.main(ListingExportRequestor.java:18)

	at com.pacsun.hingeto.listingexport.process.ListingExportRequestor.run(ListingExportRequestor.java:40)
	at com.pacsun.hingeto.listingexport.process.ListingExportRequestor.main(ListingExportRequestor.java:18)

Aug 30 2019 17:51:58,821 [main]  INFO - Hingeto listing export process has started.
Aug 30 2019 17:52:04,593 [main] ERROR - com.pacsun.hingeto.listingexport.process.ListingExportProcess : javax.xml.bind.UnmarshalException: unexpected element (uri:"https://www.hingeto.com/xml/V0.1", local:"feed"). Expected elements are <{}feed>
	at com.sun.xml.bind.v2.runtime.unmarshaller.UnmarshallingContext.handleEvent(UnmarshallingContext.java:662)
	at com.sun.xml.bind.v2.runtime.unmarshaller.Loader.reportError(Loader.java:258)
	at com.sun.xml.bind.v2.runtime.unmarshaller.Loader.reportError(Loader.java:253)
	at com.sun.xml.bind.v2.runtime.unmarshaller.Loader.reportUnexpectedChildElement(Loader.java:120)
	at com.sun.xml.bind.v2.runtime.unmarshaller.UnmarshallingContext$DefaultRootLoader.childElement(UnmarshallingContext.java:1063)
	at com.sun.xml.bind.v2.runtime.unmarshaller.UnmarshallingContext._startElement(UnmarshallingContext.java:498)
	at com.sun.xml.bind.v2.runtime.unmarshaller.UnmarshallingContext.startElement(UnmarshallingContext.java:480)
	at com.sun.xml.bind.v2.runtime.unmarshaller.SAXConnector.startElement(SAXConnector.java:150)
	at com.sun.org.apache.xerces.internal.parsers.AbstractSAXParser.startElement(AbstractSAXParser.java:509)
	at com.sun.org.apache.xerces.internal.impl.XMLNSDocumentScannerImpl.scanStartElement(XMLNSDocumentScannerImpl.java:379)
	at com.sun.org.apache.xerces.internal.impl.XMLNSDocumentScannerImpl$NSContentDriver.scanRootElementHook(XMLNSDocumentScannerImpl.java:605)
	at com.sun.org.apache.xerces.internal.impl.XMLDocumentFragmentScannerImpl$FragmentContentDriver.next(XMLDocumentFragmentScannerImpl.java:3138)
	at com.sun.org.apache.xerces.internal.impl.XMLDocumentScannerImpl$PrologDriver.next(XMLDocumentScannerImpl.java:880)
	at com.sun.org.apache.xerces.internal.impl.XMLDocumentScannerImpl.next(XMLDocumentScannerImpl.java:606)
	at com.sun.org.apache.xerces.internal.impl.XMLNSDocumentScannerImpl.next(XMLNSDocumentScannerImpl.java:117)
	at com.sun.org.apache.xerces.internal.impl.XMLDocumentFragmentScannerImpl.scanDocument(XMLDocumentFragmentScannerImpl.java:510)
	at com.sun.org.apache.xerces.internal.parsers.XML11Configuration.parse(XML11Configuration.java:848)
	at com.sun.org.apache.xerces.internal.parsers.XML11Configuration.parse(XML11Configuration.java:777)
	at com.sun.org.apache.xerces.internal.parsers.XMLParser.parse(XMLParser.java:141)
	at com.sun.org.apache.xerces.internal.parsers.AbstractSAXParser.parse(AbstractSAXParser.java:1213)
	at com.sun.org.apache.xerces.internal.jaxp.SAXParserImpl$JAXPSAXParser.parse(SAXParserImpl.java:649)
	at com.sun.xml.bind.v2.runtime.unmarshaller.UnmarshallerImpl.unmarshal0(UnmarshallerImpl.java:218)
	at com.sun.xml.bind.v2.runtime.unmarshaller.UnmarshallerImpl.unmarshal(UnmarshallerImpl.java:190)
	at javax.xml.bind.helpers.AbstractUnmarshallerImpl.unmarshal(AbstractUnmarshallerImpl.java:157)
	at javax.xml.bind.helpers.AbstractUnmarshallerImpl.unmarshal(AbstractUnmarshallerImpl.java:204)
	at com.pacsun.util.JAXBUnmarshallerUtil.getJAXBObject(JAXBUnmarshallerUtil.java:23)
	at com.pacsun.hingeto.listingexport.process.ListingExportProcess.unMarshalListingExportXmlFile(ListingExportProcess.java:130)
	at com.pacsun.hingeto.listingexport.process.ListingExportProcess.processFiles(ListingExportProcess.java:72)
	at com.pacsun.hingeto.listingexport.process.ListingExportProcess.start(ListingExportProcess.java:59)
	at com.pacsun.hingeto.listingexport.process.ListingExportRequestor.run(ListingExportRequestor.java:33)
	at com.pacsun.hingeto.listingexport.process.ListingExportRequestor.main(ListingExportRequestor.java:18)

Aug 30 2019 17:52:04,593 [main] ERROR - com.pacsun.hingeto.listingexport.process.ListingExportRequestor : Error in hingeto listing export.
java.lang.Exception: com.pacsun.hingeto.listingexport.process.ListingExportProcess : javax.xml.bind.UnmarshalException: unexpected element (uri:"https://www.hingeto.com/xml/V0.1", local:"feed"). Expected elements are <{}feed>
	at com.sun.xml.bind.v2.runtime.unmarshaller.UnmarshallingContext.handleEvent(UnmarshallingContext.java:662)
	at com.sun.xml.bind.v2.runtime.unmarshaller.Loader.reportError(Loader.java:258)
	at com.sun.xml.bind.v2.runtime.unmarshaller.Loader.reportError(Loader.java:253)
	at com.sun.xml.bind.v2.runtime.unmarshaller.Loader.reportUnexpectedChildElement(Loader.java:120)
	at com.sun.xml.bind.v2.runtime.unmarshaller.UnmarshallingContext$DefaultRootLoader.childElement(UnmarshallingContext.java:1063)
	at com.sun.xml.bind.v2.runtime.unmarshaller.UnmarshallingContext._startElement(UnmarshallingContext.java:498)
	at com.sun.xml.bind.v2.runtime.unmarshaller.UnmarshallingContext.startElement(UnmarshallingContext.java:480)
	at com.sun.xml.bind.v2.runtime.unmarshaller.SAXConnector.startElement(SAXConnector.java:150)
	at com.sun.org.apache.xerces.internal.parsers.AbstractSAXParser.startElement(AbstractSAXParser.java:509)
	at com.sun.org.apache.xerces.internal.impl.XMLNSDocumentScannerImpl.scanStartElement(XMLNSDocumentScannerImpl.java:379)
	at com.sun.org.apache.xerces.internal.impl.XMLNSDocumentScannerImpl$NSContentDriver.scanRootElementHook(XMLNSDocumentScannerImpl.java:605)
	at com.sun.org.apache.xerces.internal.impl.XMLDocumentFragmentScannerImpl$FragmentContentDriver.next(XMLDocumentFragmentScannerImpl.java:3138)
	at com.sun.org.apache.xerces.internal.impl.XMLDocumentScannerImpl$PrologDriver.next(XMLDocumentScannerImpl.java:880)
	at com.sun.org.apache.xerces.internal.impl.XMLDocumentScannerImpl.next(XMLDocumentScannerImpl.java:606)
	at com.sun.org.apache.xerces.internal.impl.XMLNSDocumentScannerImpl.next(XMLNSDocumentScannerImpl.java:117)
	at com.sun.org.apache.xerces.internal.impl.XMLDocumentFragmentScannerImpl.scanDocument(XMLDocumentFragmentScannerImpl.java:510)
	at com.sun.org.apache.xerces.internal.parsers.XML11Configuration.parse(XML11Configuration.java:848)
	at com.sun.org.apache.xerces.internal.parsers.XML11Configuration.parse(XML11Configuration.java:777)
	at com.sun.org.apache.xerces.internal.parsers.XMLParser.parse(XMLParser.java:141)
	at com.sun.org.apache.xerces.internal.parsers.AbstractSAXParser.parse(AbstractSAXParser.java:1213)
	at com.sun.org.apache.xerces.internal.jaxp.SAXParserImpl$JAXPSAXParser.parse(SAXParserImpl.java:649)
	at com.sun.xml.bind.v2.runtime.unmarshaller.UnmarshallerImpl.unmarshal0(UnmarshallerImpl.java:218)
	at com.sun.xml.bind.v2.runtime.unmarshaller.UnmarshallerImpl.unmarshal(UnmarshallerImpl.java:190)
	at javax.xml.bind.helpers.AbstractUnmarshallerImpl.unmarshal(AbstractUnmarshallerImpl.java:157)
	at javax.xml.bind.helpers.AbstractUnmarshallerImpl.unmarshal(AbstractUnmarshallerImpl.java:204)
	at com.pacsun.util.JAXBUnmarshallerUtil.getJAXBObject(JAXBUnmarshallerUtil.java:23)
	at com.pacsun.hingeto.listingexport.process.ListingExportProcess.unMarshalListingExportXmlFile(ListingExportProcess.java:130)
	at com.pacsun.hingeto.listingexport.process.ListingExportProcess.processFiles(ListingExportProcess.java:72)
	at com.pacsun.hingeto.listingexport.process.ListingExportProcess.start(ListingExportProcess.java:59)
	at com.pacsun.hingeto.listingexport.process.ListingExportRequestor.run(ListingExportRequestor.java:33)
	at com.pacsun.hingeto.listingexport.process.ListingExportRequestor.main(ListingExportRequestor.java:18)

	at com.pacsun.hingeto.listingexport.process.ListingExportProcess.unMarshalListingExportXmlFile(ListingExportProcess.java:135)
	at com.pacsun.hingeto.listingexport.process.ListingExportProcess.processFiles(ListingExportProcess.java:72)
	at com.pacsun.hingeto.listingexport.process.ListingExportProcess.start(ListingExportProcess.java:59)
	at com.pacsun.hingeto.listingexport.process.ListingExportRequestor.run(ListingExportRequestor.java:33)
	at com.pacsun.hingeto.listingexport.process.ListingExportRequestor.main(ListingExportRequestor.java:18)

Aug 30 2019 17:52:04,593 [main] ERROR - java.lang.Exception: com.pacsun.hingeto.listingexport.process.ListingExportRequestor : Error in hingeto listing export.
java.lang.Exception: com.pacsun.hingeto.listingexport.process.ListingExportProcess : javax.xml.bind.UnmarshalException: unexpected element (uri:"https://www.hingeto.com/xml/V0.1", local:"feed"). Expected elements are <{}feed>
	at com.sun.xml.bind.v2.runtime.unmarshaller.UnmarshallingContext.handleEvent(UnmarshallingContext.java:662)
	at com.sun.xml.bind.v2.runtime.unmarshaller.Loader.reportError(Loader.java:258)
	at com.sun.xml.bind.v2.runtime.unmarshaller.Loader.reportError(Loader.java:253)
	at com.sun.xml.bind.v2.runtime.unmarshaller.Loader.reportUnexpectedChildElement(Loader.java:120)
	at com.sun.xml.bind.v2.runtime.unmarshaller.UnmarshallingContext$DefaultRootLoader.childElement(UnmarshallingContext.java:1063)
	at com.sun.xml.bind.v2.runtime.unmarshaller.UnmarshallingContext._startElement(UnmarshallingContext.java:498)
	at com.sun.xml.bind.v2.runtime.unmarshaller.UnmarshallingContext.startElement(UnmarshallingContext.java:480)
	at com.sun.xml.bind.v2.runtime.unmarshaller.SAXConnector.startElement(SAXConnector.java:150)
	at com.sun.org.apache.xerces.internal.parsers.AbstractSAXParser.startElement(AbstractSAXParser.java:509)
	at com.sun.org.apache.xerces.internal.impl.XMLNSDocumentScannerImpl.scanStartElement(XMLNSDocumentScannerImpl.java:379)
	at com.sun.org.apache.xerces.internal.impl.XMLNSDocumentScannerImpl$NSContentDriver.scanRootElementHook(XMLNSDocumentScannerImpl.java:605)
	at com.sun.org.apache.xerces.internal.impl.XMLDocumentFragmentScannerImpl$FragmentContentDriver.next(XMLDocumentFragmentScannerImpl.java:3138)
	at com.sun.org.apache.xerces.internal.impl.XMLDocumentScannerImpl$PrologDriver.next(XMLDocumentScannerImpl.java:880)
	at com.sun.org.apache.xerces.internal.impl.XMLDocumentScannerImpl.next(XMLDocumentScannerImpl.java:606)
	at com.sun.org.apache.xerces.internal.impl.XMLNSDocumentScannerImpl.next(XMLNSDocumentScannerImpl.java:117)
	at com.sun.org.apache.xerces.internal.impl.XMLDocumentFragmentScannerImpl.scanDocument(XMLDocumentFragmentScannerImpl.java:510)
	at com.sun.org.apache.xerces.internal.parsers.XML11Configuration.parse(XML11Configuration.java:848)
	at com.sun.org.apache.xerces.internal.parsers.XML11Configuration.parse(XML11Configuration.java:777)
	at com.sun.org.apache.xerces.internal.parsers.XMLParser.parse(XMLParser.java:141)
	at com.sun.org.apache.xerces.internal.parsers.AbstractSAXParser.parse(AbstractSAXParser.java:1213)
	at com.sun.org.apache.xerces.internal.jaxp.SAXParserImpl$JAXPSAXParser.parse(SAXParserImpl.java:649)
	at com.sun.xml.bind.v2.runtime.unmarshaller.UnmarshallerImpl.unmarshal0(UnmarshallerImpl.java:218)
	at com.sun.xml.bind.v2.runtime.unmarshaller.UnmarshallerImpl.unmarshal(UnmarshallerImpl.java:190)
	at javax.xml.bind.helpers.AbstractUnmarshallerImpl.unmarshal(AbstractUnmarshallerImpl.java:157)
	at javax.xml.bind.helpers.AbstractUnmarshallerImpl.unmarshal(AbstractUnmarshallerImpl.java:204)
	at com.pacsun.util.JAXBUnmarshallerUtil.getJAXBObject(JAXBUnmarshallerUtil.java:23)
	at com.pacsun.hingeto.listingexport.process.ListingExportProcess.unMarshalListingExportXmlFile(ListingExportProcess.java:130)
	at com.pacsun.hingeto.listingexport.process.ListingExportProcess.processFiles(ListingExportProcess.java:72)
	at com.pacsun.hingeto.listingexport.process.ListingExportProcess.start(ListingExportProcess.java:59)
	at com.pacsun.hingeto.listingexport.process.ListingExportRequestor.run(ListingExportRequestor.java:33)
	at com.pacsun.hingeto.listingexport.process.ListingExportRequestor.main(ListingExportRequestor.java:18)

	at com.pacsun.hingeto.listingexport.process.ListingExportProcess.unMarshalListingExportXmlFile(ListingExportProcess.java:135)
	at com.pacsun.hingeto.listingexport.process.ListingExportProcess.processFiles(ListingExportProcess.java:72)
	at com.pacsun.hingeto.listingexport.process.ListingExportProcess.start(ListingExportProcess.java:59)
	at com.pacsun.hingeto.listingexport.process.ListingExportRequestor.run(ListingExportRequestor.java:33)
	at com.pacsun.hingeto.listingexport.process.ListingExportRequestor.main(ListingExportRequestor.java:18)

	at com.pacsun.hingeto.listingexport.process.ListingExportRequestor.run(ListingExportRequestor.java:40)
	at com.pacsun.hingeto.listingexport.process.ListingExportRequestor.main(ListingExportRequestor.java:18)

Aug 30 2019 17:53:59,645 [main]  INFO - Hingeto listing export process has started.
Aug 30 2019 17:54:05,432 [main] ERROR - com.pacsun.hingeto.listingexport.process.ListingExportProcess : javax.xml.bind.UnmarshalException: unexpected element (uri:"https://www.hingeto.com/xml/V0.1", local:"feed"). Expected elements are <{}feed>
	at com.sun.xml.bind.v2.runtime.unmarshaller.UnmarshallingContext.handleEvent(UnmarshallingContext.java:662)
	at com.sun.xml.bind.v2.runtime.unmarshaller.Loader.reportError(Loader.java:258)
	at com.sun.xml.bind.v2.runtime.unmarshaller.Loader.reportError(Loader.java:253)
	at com.sun.xml.bind.v2.runtime.unmarshaller.Loader.reportUnexpectedChildElement(Loader.java:120)
	at com.sun.xml.bind.v2.runtime.unmarshaller.UnmarshallingContext$DefaultRootLoader.childElement(UnmarshallingContext.java:1063)
	at com.sun.xml.bind.v2.runtime.unmarshaller.UnmarshallingContext._startElement(UnmarshallingContext.java:498)
	at com.sun.xml.bind.v2.runtime.unmarshaller.UnmarshallingContext.startElement(UnmarshallingContext.java:480)
	at com.sun.xml.bind.v2.runtime.unmarshaller.SAXConnector.startElement(SAXConnector.java:150)
	at com.sun.org.apache.xerces.internal.parsers.AbstractSAXParser.startElement(AbstractSAXParser.java:509)
	at com.sun.org.apache.xerces.internal.impl.XMLNSDocumentScannerImpl.scanStartElement(XMLNSDocumentScannerImpl.java:379)
	at com.sun.org.apache.xerces.internal.impl.XMLNSDocumentScannerImpl$NSContentDriver.scanRootElementHook(XMLNSDocumentScannerImpl.java:605)
	at com.sun.org.apache.xerces.internal.impl.XMLDocumentFragmentScannerImpl$FragmentContentDriver.next(XMLDocumentFragmentScannerImpl.java:3138)
	at com.sun.org.apache.xerces.internal.impl.XMLDocumentScannerImpl$PrologDriver.next(XMLDocumentScannerImpl.java:880)
	at com.sun.org.apache.xerces.internal.impl.XMLDocumentScannerImpl.next(XMLDocumentScannerImpl.java:606)
	at com.sun.org.apache.xerces.internal.impl.XMLNSDocumentScannerImpl.next(XMLNSDocumentScannerImpl.java:117)
	at com.sun.org.apache.xerces.internal.impl.XMLDocumentFragmentScannerImpl.scanDocument(XMLDocumentFragmentScannerImpl.java:510)
	at com.sun.org.apache.xerces.internal.parsers.XML11Configuration.parse(XML11Configuration.java:848)
	at com.sun.org.apache.xerces.internal.parsers.XML11Configuration.parse(XML11Configuration.java:777)
	at com.sun.org.apache.xerces.internal.parsers.XMLParser.parse(XMLParser.java:141)
	at com.sun.org.apache.xerces.internal.parsers.AbstractSAXParser.parse(AbstractSAXParser.java:1213)
	at com.sun.org.apache.xerces.internal.jaxp.SAXParserImpl$JAXPSAXParser.parse(SAXParserImpl.java:649)
	at com.sun.xml.bind.v2.runtime.unmarshaller.UnmarshallerImpl.unmarshal0(UnmarshallerImpl.java:218)
	at com.sun.xml.bind.v2.runtime.unmarshaller.UnmarshallerImpl.unmarshal(UnmarshallerImpl.java:190)
	at javax.xml.bind.helpers.AbstractUnmarshallerImpl.unmarshal(AbstractUnmarshallerImpl.java:157)
	at javax.xml.bind.helpers.AbstractUnmarshallerImpl.unmarshal(AbstractUnmarshallerImpl.java:204)
	at com.pacsun.util.JAXBUnmarshallerUtil.getJAXBObject(JAXBUnmarshallerUtil.java:23)
	at com.pacsun.hingeto.listingexport.process.ListingExportProcess.unMarshalListingExportXmlFile(ListingExportProcess.java:130)
	at com.pacsun.hingeto.listingexport.process.ListingExportProcess.processFiles(ListingExportProcess.java:72)
	at com.pacsun.hingeto.listingexport.process.ListingExportProcess.start(ListingExportProcess.java:59)
	at com.pacsun.hingeto.listingexport.process.ListingExportRequestor.run(ListingExportRequestor.java:33)
	at com.pacsun.hingeto.listingexport.process.ListingExportRequestor.main(ListingExportRequestor.java:18)

Aug 30 2019 17:54:05,432 [main] ERROR - com.pacsun.hingeto.listingexport.process.ListingExportRequestor : Error in hingeto listing export.
java.lang.Exception: com.pacsun.hingeto.listingexport.process.ListingExportProcess : javax.xml.bind.UnmarshalException: unexpected element (uri:"https://www.hingeto.com/xml/V0.1", local:"feed"). Expected elements are <{}feed>
	at com.sun.xml.bind.v2.runtime.unmarshaller.UnmarshallingContext.handleEvent(UnmarshallingContext.java:662)
	at com.sun.xml.bind.v2.runtime.unmarshaller.Loader.reportError(Loader.java:258)
	at com.sun.xml.bind.v2.runtime.unmarshaller.Loader.reportError(Loader.java:253)
	at com.sun.xml.bind.v2.runtime.unmarshaller.Loader.reportUnexpectedChildElement(Loader.java:120)
	at com.sun.xml.bind.v2.runtime.unmarshaller.UnmarshallingContext$DefaultRootLoader.childElement(UnmarshallingContext.java:1063)
	at com.sun.xml.bind.v2.runtime.unmarshaller.UnmarshallingContext._startElement(UnmarshallingContext.java:498)
	at com.sun.xml.bind.v2.runtime.unmarshaller.UnmarshallingContext.startElement(UnmarshallingContext.java:480)
	at com.sun.xml.bind.v2.runtime.unmarshaller.SAXConnector.startElement(SAXConnector.java:150)
	at com.sun.org.apache.xerces.internal.parsers.AbstractSAXParser.startElement(AbstractSAXParser.java:509)
	at com.sun.org.apache.xerces.internal.impl.XMLNSDocumentScannerImpl.scanStartElement(XMLNSDocumentScannerImpl.java:379)
	at com.sun.org.apache.xerces.internal.impl.XMLNSDocumentScannerImpl$NSContentDriver.scanRootElementHook(XMLNSDocumentScannerImpl.java:605)
	at com.sun.org.apache.xerces.internal.impl.XMLDocumentFragmentScannerImpl$FragmentContentDriver.next(XMLDocumentFragmentScannerImpl.java:3138)
	at com.sun.org.apache.xerces.internal.impl.XMLDocumentScannerImpl$PrologDriver.next(XMLDocumentScannerImpl.java:880)
	at com.sun.org.apache.xerces.internal.impl.XMLDocumentScannerImpl.next(XMLDocumentScannerImpl.java:606)
	at com.sun.org.apache.xerces.internal.impl.XMLNSDocumentScannerImpl.next(XMLNSDocumentScannerImpl.java:117)
	at com.sun.org.apache.xerces.internal.impl.XMLDocumentFragmentScannerImpl.scanDocument(XMLDocumentFragmentScannerImpl.java:510)
	at com.sun.org.apache.xerces.internal.parsers.XML11Configuration.parse(XML11Configuration.java:848)
	at com.sun.org.apache.xerces.internal.parsers.XML11Configuration.parse(XML11Configuration.java:777)
	at com.sun.org.apache.xerces.internal.parsers.XMLParser.parse(XMLParser.java:141)
	at com.sun.org.apache.xerces.internal.parsers.AbstractSAXParser.parse(AbstractSAXParser.java:1213)
	at com.sun.org.apache.xerces.internal.jaxp.SAXParserImpl$JAXPSAXParser.parse(SAXParserImpl.java:649)
	at com.sun.xml.bind.v2.runtime.unmarshaller.UnmarshallerImpl.unmarshal0(UnmarshallerImpl.java:218)
	at com.sun.xml.bind.v2.runtime.unmarshaller.UnmarshallerImpl.unmarshal(UnmarshallerImpl.java:190)
	at javax.xml.bind.helpers.AbstractUnmarshallerImpl.unmarshal(AbstractUnmarshallerImpl.java:157)
	at javax.xml.bind.helpers.AbstractUnmarshallerImpl.unmarshal(AbstractUnmarshallerImpl.java:204)
	at com.pacsun.util.JAXBUnmarshallerUtil.getJAXBObject(JAXBUnmarshallerUtil.java:23)
	at com.pacsun.hingeto.listingexport.process.ListingExportProcess.unMarshalListingExportXmlFile(ListingExportProcess.java:130)
	at com.pacsun.hingeto.listingexport.process.ListingExportProcess.processFiles(ListingExportProcess.java:72)
	at com.pacsun.hingeto.listingexport.process.ListingExportProcess.start(ListingExportProcess.java:59)
	at com.pacsun.hingeto.listingexport.process.ListingExportRequestor.run(ListingExportRequestor.java:33)
	at com.pacsun.hingeto.listingexport.process.ListingExportRequestor.main(ListingExportRequestor.java:18)

	at com.pacsun.hingeto.listingexport.process.ListingExportProcess.unMarshalListingExportXmlFile(ListingExportProcess.java:135)
	at com.pacsun.hingeto.listingexport.process.ListingExportProcess.processFiles(ListingExportProcess.java:72)
	at com.pacsun.hingeto.listingexport.process.ListingExportProcess.start(ListingExportProcess.java:59)
	at com.pacsun.hingeto.listingexport.process.ListingExportRequestor.run(ListingExportRequestor.java:33)
	at com.pacsun.hingeto.listingexport.process.ListingExportRequestor.main(ListingExportRequestor.java:18)

Aug 30 2019 17:54:05,432 [main] ERROR - java.lang.Exception: com.pacsun.hingeto.listingexport.process.ListingExportRequestor : Error in hingeto listing export.
java.lang.Exception: com.pacsun.hingeto.listingexport.process.ListingExportProcess : javax.xml.bind.UnmarshalException: unexpected element (uri:"https://www.hingeto.com/xml/V0.1", local:"feed"). Expected elements are <{}feed>
	at com.sun.xml.bind.v2.runtime.unmarshaller.UnmarshallingContext.handleEvent(UnmarshallingContext.java:662)
	at com.sun.xml.bind.v2.runtime.unmarshaller.Loader.reportError(Loader.java:258)
	at com.sun.xml.bind.v2.runtime.unmarshaller.Loader.reportError(Loader.java:253)
	at com.sun.xml.bind.v2.runtime.unmarshaller.Loader.reportUnexpectedChildElement(Loader.java:120)
	at com.sun.xml.bind.v2.runtime.unmarshaller.UnmarshallingContext$DefaultRootLoader.childElement(UnmarshallingContext.java:1063)
	at com.sun.xml.bind.v2.runtime.unmarshaller.UnmarshallingContext._startElement(UnmarshallingContext.java:498)
	at com.sun.xml.bind.v2.runtime.unmarshaller.UnmarshallingContext.startElement(UnmarshallingContext.java:480)
	at com.sun.xml.bind.v2.runtime.unmarshaller.SAXConnector.startElement(SAXConnector.java:150)
	at com.sun.org.apache.xerces.internal.parsers.AbstractSAXParser.startElement(AbstractSAXParser.java:509)
	at com.sun.org.apache.xerces.internal.impl.XMLNSDocumentScannerImpl.scanStartElement(XMLNSDocumentScannerImpl.java:379)
	at com.sun.org.apache.xerces.internal.impl.XMLNSDocumentScannerImpl$NSContentDriver.scanRootElementHook(XMLNSDocumentScannerImpl.java:605)
	at com.sun.org.apache.xerces.internal.impl.XMLDocumentFragmentScannerImpl$FragmentContentDriver.next(XMLDocumentFragmentScannerImpl.java:3138)
	at com.sun.org.apache.xerces.internal.impl.XMLDocumentScannerImpl$PrologDriver.next(XMLDocumentScannerImpl.java:880)
	at com.sun.org.apache.xerces.internal.impl.XMLDocumentScannerImpl.next(XMLDocumentScannerImpl.java:606)
	at com.sun.org.apache.xerces.internal.impl.XMLNSDocumentScannerImpl.next(XMLNSDocumentScannerImpl.java:117)
	at com.sun.org.apache.xerces.internal.impl.XMLDocumentFragmentScannerImpl.scanDocument(XMLDocumentFragmentScannerImpl.java:510)
	at com.sun.org.apache.xerces.internal.parsers.XML11Configuration.parse(XML11Configuration.java:848)
	at com.sun.org.apache.xerces.internal.parsers.XML11Configuration.parse(XML11Configuration.java:777)
	at com.sun.org.apache.xerces.internal.parsers.XMLParser.parse(XMLParser.java:141)
	at com.sun.org.apache.xerces.internal.parsers.AbstractSAXParser.parse(AbstractSAXParser.java:1213)
	at com.sun.org.apache.xerces.internal.jaxp.SAXParserImpl$JAXPSAXParser.parse(SAXParserImpl.java:649)
	at com.sun.xml.bind.v2.runtime.unmarshaller.UnmarshallerImpl.unmarshal0(UnmarshallerImpl.java:218)
	at com.sun.xml.bind.v2.runtime.unmarshaller.UnmarshallerImpl.unmarshal(UnmarshallerImpl.java:190)
	at javax.xml.bind.helpers.AbstractUnmarshallerImpl.unmarshal(AbstractUnmarshallerImpl.java:157)
	at javax.xml.bind.helpers.AbstractUnmarshallerImpl.unmarshal(AbstractUnmarshallerImpl.java:204)
	at com.pacsun.util.JAXBUnmarshallerUtil.getJAXBObject(JAXBUnmarshallerUtil.java:23)
	at com.pacsun.hingeto.listingexport.process.ListingExportProcess.unMarshalListingExportXmlFile(ListingExportProcess.java:130)
	at com.pacsun.hingeto.listingexport.process.ListingExportProcess.processFiles(ListingExportProcess.java:72)
	at com.pacsun.hingeto.listingexport.process.ListingExportProcess.start(ListingExportProcess.java:59)
	at com.pacsun.hingeto.listingexport.process.ListingExportRequestor.run(ListingExportRequestor.java:33)
	at com.pacsun.hingeto.listingexport.process.ListingExportRequestor.main(ListingExportRequestor.java:18)

	at com.pacsun.hingeto.listingexport.process.ListingExportProcess.unMarshalListingExportXmlFile(ListingExportProcess.java:135)
	at com.pacsun.hingeto.listingexport.process.ListingExportProcess.processFiles(ListingExportProcess.java:72)
	at com.pacsun.hingeto.listingexport.process.ListingExportProcess.start(ListingExportProcess.java:59)
	at com.pacsun.hingeto.listingexport.process.ListingExportRequestor.run(ListingExportRequestor.java:33)
	at com.pacsun.hingeto.listingexport.process.ListingExportRequestor.main(ListingExportRequestor.java:18)

	at com.pacsun.hingeto.listingexport.process.ListingExportRequestor.run(ListingExportRequestor.java:40)
	at com.pacsun.hingeto.listingexport.process.ListingExportRequestor.main(ListingExportRequestor.java:18)

Aug 30 2019 18:19:54,911 [main]  INFO - Hingeto listing export process has started.
Aug 30 2019 18:20:00,418 [main] ERROR - com.pacsun.hingeto.listingexport.process.ListingExportProcess : javax.xml.bind.UnmarshalException: unexpected element (uri:"https://www.hingeto.com/xml/V0.1", local:"feed"). Expected elements are <{}feed>
	at com.sun.xml.bind.v2.runtime.unmarshaller.UnmarshallingContext.handleEvent(UnmarshallingContext.java:662)
	at com.sun.xml.bind.v2.runtime.unmarshaller.Loader.reportError(Loader.java:258)
	at com.sun.xml.bind.v2.runtime.unmarshaller.Loader.reportError(Loader.java:253)
	at com.sun.xml.bind.v2.runtime.unmarshaller.Loader.reportUnexpectedChildElement(Loader.java:120)
	at com.sun.xml.bind.v2.runtime.unmarshaller.UnmarshallingContext$DefaultRootLoader.childElement(UnmarshallingContext.java:1063)
	at com.sun.xml.bind.v2.runtime.unmarshaller.UnmarshallingContext._startElement(UnmarshallingContext.java:498)
	at com.sun.xml.bind.v2.runtime.unmarshaller.UnmarshallingContext.startElement(UnmarshallingContext.java:480)
	at com.sun.xml.bind.v2.runtime.unmarshaller.SAXConnector.startElement(SAXConnector.java:150)
	at com.sun.org.apache.xerces.internal.parsers.AbstractSAXParser.startElement(AbstractSAXParser.java:509)
	at com.sun.org.apache.xerces.internal.impl.XMLNSDocumentScannerImpl.scanStartElement(XMLNSDocumentScannerImpl.java:379)
	at com.sun.org.apache.xerces.internal.impl.XMLNSDocumentScannerImpl$NSContentDriver.scanRootElementHook(XMLNSDocumentScannerImpl.java:605)
	at com.sun.org.apache.xerces.internal.impl.XMLDocumentFragmentScannerImpl$FragmentContentDriver.next(XMLDocumentFragmentScannerImpl.java:3138)
	at com.sun.org.apache.xerces.internal.impl.XMLDocumentScannerImpl$PrologDriver.next(XMLDocumentScannerImpl.java:880)
	at com.sun.org.apache.xerces.internal.impl.XMLDocumentScannerImpl.next(XMLDocumentScannerImpl.java:606)
	at com.sun.org.apache.xerces.internal.impl.XMLNSDocumentScannerImpl.next(XMLNSDocumentScannerImpl.java:117)
	at com.sun.org.apache.xerces.internal.impl.XMLDocumentFragmentScannerImpl.scanDocument(XMLDocumentFragmentScannerImpl.java:510)
	at com.sun.org.apache.xerces.internal.parsers.XML11Configuration.parse(XML11Configuration.java:848)
	at com.sun.org.apache.xerces.internal.parsers.XML11Configuration.parse(XML11Configuration.java:777)
	at com.sun.org.apache.xerces.internal.parsers.XMLParser.parse(XMLParser.java:141)
	at com.sun.org.apache.xerces.internal.parsers.AbstractSAXParser.parse(AbstractSAXParser.java:1213)
	at com.sun.org.apache.xerces.internal.jaxp.SAXParserImpl$JAXPSAXParser.parse(SAXParserImpl.java:649)
	at com.sun.xml.bind.v2.runtime.unmarshaller.UnmarshallerImpl.unmarshal0(UnmarshallerImpl.java:218)
	at com.sun.xml.bind.v2.runtime.unmarshaller.UnmarshallerImpl.unmarshal(UnmarshallerImpl.java:190)
	at javax.xml.bind.helpers.AbstractUnmarshallerImpl.unmarshal(AbstractUnmarshallerImpl.java:157)
	at javax.xml.bind.helpers.AbstractUnmarshallerImpl.unmarshal(AbstractUnmarshallerImpl.java:204)
	at com.pacsun.util.JAXBUnmarshallerUtil.getJAXBObject(JAXBUnmarshallerUtil.java:23)
	at com.pacsun.hingeto.listingexport.process.ListingExportProcess.unMarshalListingExportXmlFile(ListingExportProcess.java:130)
	at com.pacsun.hingeto.listingexport.process.ListingExportProcess.processFiles(ListingExportProcess.java:72)
	at com.pacsun.hingeto.listingexport.process.ListingExportProcess.start(ListingExportProcess.java:59)
	at com.pacsun.hingeto.listingexport.process.ListingExportRequestor.run(ListingExportRequestor.java:33)
	at com.pacsun.hingeto.listingexport.process.ListingExportRequestor.main(ListingExportRequestor.java:18)

Aug 30 2019 18:20:00,418 [main] ERROR - com.pacsun.hingeto.listingexport.process.ListingExportRequestor : Error in hingeto listing export.
java.lang.Exception: com.pacsun.hingeto.listingexport.process.ListingExportProcess : javax.xml.bind.UnmarshalException: unexpected element (uri:"https://www.hingeto.com/xml/V0.1", local:"feed"). Expected elements are <{}feed>
	at com.sun.xml.bind.v2.runtime.unmarshaller.UnmarshallingContext.handleEvent(UnmarshallingContext.java:662)
	at com.sun.xml.bind.v2.runtime.unmarshaller.Loader.reportError(Loader.java:258)
	at com.sun.xml.bind.v2.runtime.unmarshaller.Loader.reportError(Loader.java:253)
	at com.sun.xml.bind.v2.runtime.unmarshaller.Loader.reportUnexpectedChildElement(Loader.java:120)
	at com.sun.xml.bind.v2.runtime.unmarshaller.UnmarshallingContext$DefaultRootLoader.childElement(UnmarshallingContext.java:1063)
	at com.sun.xml.bind.v2.runtime.unmarshaller.UnmarshallingContext._startElement(UnmarshallingContext.java:498)
	at com.sun.xml.bind.v2.runtime.unmarshaller.UnmarshallingContext.startElement(UnmarshallingContext.java:480)
	at com.sun.xml.bind.v2.runtime.unmarshaller.SAXConnector.startElement(SAXConnector.java:150)
	at com.sun.org.apache.xerces.internal.parsers.AbstractSAXParser.startElement(AbstractSAXParser.java:509)
	at com.sun.org.apache.xerces.internal.impl.XMLNSDocumentScannerImpl.scanStartElement(XMLNSDocumentScannerImpl.java:379)
	at com.sun.org.apache.xerces.internal.impl.XMLNSDocumentScannerImpl$NSContentDriver.scanRootElementHook(XMLNSDocumentScannerImpl.java:605)
	at com.sun.org.apache.xerces.internal.impl.XMLDocumentFragmentScannerImpl$FragmentContentDriver.next(XMLDocumentFragmentScannerImpl.java:3138)
	at com.sun.org.apache.xerces.internal.impl.XMLDocumentScannerImpl$PrologDriver.next(XMLDocumentScannerImpl.java:880)
	at com.sun.org.apache.xerces.internal.impl.XMLDocumentScannerImpl.next(XMLDocumentScannerImpl.java:606)
	at com.sun.org.apache.xerces.internal.impl.XMLNSDocumentScannerImpl.next(XMLNSDocumentScannerImpl.java:117)
	at com.sun.org.apache.xerces.internal.impl.XMLDocumentFragmentScannerImpl.scanDocument(XMLDocumentFragmentScannerImpl.java:510)
	at com.sun.org.apache.xerces.internal.parsers.XML11Configuration.parse(XML11Configuration.java:848)
	at com.sun.org.apache.xerces.internal.parsers.XML11Configuration.parse(XML11Configuration.java:777)
	at com.sun.org.apache.xerces.internal.parsers.XMLParser.parse(XMLParser.java:141)
	at com.sun.org.apache.xerces.internal.parsers.AbstractSAXParser.parse(AbstractSAXParser.java:1213)
	at com.sun.org.apache.xerces.internal.jaxp.SAXParserImpl$JAXPSAXParser.parse(SAXParserImpl.java:649)
	at com.sun.xml.bind.v2.runtime.unmarshaller.UnmarshallerImpl.unmarshal0(UnmarshallerImpl.java:218)
	at com.sun.xml.bind.v2.runtime.unmarshaller.UnmarshallerImpl.unmarshal(UnmarshallerImpl.java:190)
	at javax.xml.bind.helpers.AbstractUnmarshallerImpl.unmarshal(AbstractUnmarshallerImpl.java:157)
	at javax.xml.bind.helpers.AbstractUnmarshallerImpl.unmarshal(AbstractUnmarshallerImpl.java:204)
	at com.pacsun.util.JAXBUnmarshallerUtil.getJAXBObject(JAXBUnmarshallerUtil.java:23)
	at com.pacsun.hingeto.listingexport.process.ListingExportProcess.unMarshalListingExportXmlFile(ListingExportProcess.java:130)
	at com.pacsun.hingeto.listingexport.process.ListingExportProcess.processFiles(ListingExportProcess.java:72)
	at com.pacsun.hingeto.listingexport.process.ListingExportProcess.start(ListingExportProcess.java:59)
	at com.pacsun.hingeto.listingexport.process.ListingExportRequestor.run(ListingExportRequestor.java:33)
	at com.pacsun.hingeto.listingexport.process.ListingExportRequestor.main(ListingExportRequestor.java:18)

	at com.pacsun.hingeto.listingexport.process.ListingExportProcess.unMarshalListingExportXmlFile(ListingExportProcess.java:135)
	at com.pacsun.hingeto.listingexport.process.ListingExportProcess.processFiles(ListingExportProcess.java:72)
	at com.pacsun.hingeto.listingexport.process.ListingExportProcess.start(ListingExportProcess.java:59)
	at com.pacsun.hingeto.listingexport.process.ListingExportRequestor.run(ListingExportRequestor.java:33)
	at com.pacsun.hingeto.listingexport.process.ListingExportRequestor.main(ListingExportRequestor.java:18)

Aug 30 2019 18:20:00,418 [main] ERROR - java.lang.Exception: com.pacsun.hingeto.listingexport.process.ListingExportRequestor : Error in hingeto listing export.
java.lang.Exception: com.pacsun.hingeto.listingexport.process.ListingExportProcess : javax.xml.bind.UnmarshalException: unexpected element (uri:"https://www.hingeto.com/xml/V0.1", local:"feed"). Expected elements are <{}feed>
	at com.sun.xml.bind.v2.runtime.unmarshaller.UnmarshallingContext.handleEvent(UnmarshallingContext.java:662)
	at com.sun.xml.bind.v2.runtime.unmarshaller.Loader.reportError(Loader.java:258)
	at com.sun.xml.bind.v2.runtime.unmarshaller.Loader.reportError(Loader.java:253)
	at com.sun.xml.bind.v2.runtime.unmarshaller.Loader.reportUnexpectedChildElement(Loader.java:120)
	at com.sun.xml.bind.v2.runtime.unmarshaller.UnmarshallingContext$DefaultRootLoader.childElement(UnmarshallingContext.java:1063)
	at com.sun.xml.bind.v2.runtime.unmarshaller.UnmarshallingContext._startElement(UnmarshallingContext.java:498)
	at com.sun.xml.bind.v2.runtime.unmarshaller.UnmarshallingContext.startElement(UnmarshallingContext.java:480)
	at com.sun.xml.bind.v2.runtime.unmarshaller.SAXConnector.startElement(SAXConnector.java:150)
	at com.sun.org.apache.xerces.internal.parsers.AbstractSAXParser.startElement(AbstractSAXParser.java:509)
	at com.sun.org.apache.xerces.internal.impl.XMLNSDocumentScannerImpl.scanStartElement(XMLNSDocumentScannerImpl.java:379)
	at com.sun.org.apache.xerces.internal.impl.XMLNSDocumentScannerImpl$NSContentDriver.scanRootElementHook(XMLNSDocumentScannerImpl.java:605)
	at com.sun.org.apache.xerces.internal.impl.XMLDocumentFragmentScannerImpl$FragmentContentDriver.next(XMLDocumentFragmentScannerImpl.java:3138)
	at com.sun.org.apache.xerces.internal.impl.XMLDocumentScannerImpl$PrologDriver.next(XMLDocumentScannerImpl.java:880)
	at com.sun.org.apache.xerces.internal.impl.XMLDocumentScannerImpl.next(XMLDocumentScannerImpl.java:606)
	at com.sun.org.apache.xerces.internal.impl.XMLNSDocumentScannerImpl.next(XMLNSDocumentScannerImpl.java:117)
	at com.sun.org.apache.xerces.internal.impl.XMLDocumentFragmentScannerImpl.scanDocument(XMLDocumentFragmentScannerImpl.java:510)
	at com.sun.org.apache.xerces.internal.parsers.XML11Configuration.parse(XML11Configuration.java:848)
	at com.sun.org.apache.xerces.internal.parsers.XML11Configuration.parse(XML11Configuration.java:777)
	at com.sun.org.apache.xerces.internal.parsers.XMLParser.parse(XMLParser.java:141)
	at com.sun.org.apache.xerces.internal.parsers.AbstractSAXParser.parse(AbstractSAXParser.java:1213)
	at com.sun.org.apache.xerces.internal.jaxp.SAXParserImpl$JAXPSAXParser.parse(SAXParserImpl.java:649)
	at com.sun.xml.bind.v2.runtime.unmarshaller.UnmarshallerImpl.unmarshal0(UnmarshallerImpl.java:218)
	at com.sun.xml.bind.v2.runtime.unmarshaller.UnmarshallerImpl.unmarshal(UnmarshallerImpl.java:190)
	at javax.xml.bind.helpers.AbstractUnmarshallerImpl.unmarshal(AbstractUnmarshallerImpl.java:157)
	at javax.xml.bind.helpers.AbstractUnmarshallerImpl.unmarshal(AbstractUnmarshallerImpl.java:204)
	at com.pacsun.util.JAXBUnmarshallerUtil.getJAXBObject(JAXBUnmarshallerUtil.java:23)
	at com.pacsun.hingeto.listingexport.process.ListingExportProcess.unMarshalListingExportXmlFile(ListingExportProcess.java:130)
	at com.pacsun.hingeto.listingexport.process.ListingExportProcess.processFiles(ListingExportProcess.java:72)
	at com.pacsun.hingeto.listingexport.process.ListingExportProcess.start(ListingExportProcess.java:59)
	at com.pacsun.hingeto.listingexport.process.ListingExportRequestor.run(ListingExportRequestor.java:33)
	at com.pacsun.hingeto.listingexport.process.ListingExportRequestor.main(ListingExportRequestor.java:18)

	at com.pacsun.hingeto.listingexport.process.ListingExportProcess.unMarshalListingExportXmlFile(ListingExportProcess.java:135)
	at com.pacsun.hingeto.listingexport.process.ListingExportProcess.processFiles(ListingExportProcess.java:72)
	at com.pacsun.hingeto.listingexport.process.ListingExportProcess.start(ListingExportProcess.java:59)
	at com.pacsun.hingeto.listingexport.process.ListingExportRequestor.run(ListingExportRequestor.java:33)
	at com.pacsun.hingeto.listingexport.process.ListingExportRequestor.main(ListingExportRequestor.java:18)

	at com.pacsun.hingeto.listingexport.process.ListingExportRequestor.run(ListingExportRequestor.java:40)
	at com.pacsun.hingeto.listingexport.process.ListingExportRequestor.main(ListingExportRequestor.java:18)

Aug 30 2019 18:22:07,029 [main]  INFO - Hingeto listing export process has started.
Aug 30 2019 18:22:16,092 [main] ERROR - com.pacsun.hingeto.listingexport.process.ListingExportProcess : javax.xml.bind.UnmarshalException: unexpected element (uri:"https://www.hingeto.com/xml/V0.1", local:"feed"). Expected elements are <{}feed>
	at com.sun.xml.bind.v2.runtime.unmarshaller.UnmarshallingContext.handleEvent(UnmarshallingContext.java:662)
	at com.sun.xml.bind.v2.runtime.unmarshaller.Loader.reportError(Loader.java:258)
	at com.sun.xml.bind.v2.runtime.unmarshaller.Loader.reportError(Loader.java:253)
	at com.sun.xml.bind.v2.runtime.unmarshaller.Loader.reportUnexpectedChildElement(Loader.java:120)
	at com.sun.xml.bind.v2.runtime.unmarshaller.UnmarshallingContext$DefaultRootLoader.childElement(UnmarshallingContext.java:1063)
	at com.sun.xml.bind.v2.runtime.unmarshaller.UnmarshallingContext._startElement(UnmarshallingContext.java:498)
	at com.sun.xml.bind.v2.runtime.unmarshaller.UnmarshallingContext.startElement(UnmarshallingContext.java:480)
	at com.sun.xml.bind.v2.runtime.unmarshaller.SAXConnector.startElement(SAXConnector.java:150)
	at com.sun.org.apache.xerces.internal.parsers.AbstractSAXParser.startElement(AbstractSAXParser.java:509)
	at com.sun.org.apache.xerces.internal.impl.XMLNSDocumentScannerImpl.scanStartElement(XMLNSDocumentScannerImpl.java:379)
	at com.sun.org.apache.xerces.internal.impl.XMLNSDocumentScannerImpl$NSContentDriver.scanRootElementHook(XMLNSDocumentScannerImpl.java:605)
	at com.sun.org.apache.xerces.internal.impl.XMLDocumentFragmentScannerImpl$FragmentContentDriver.next(XMLDocumentFragmentScannerImpl.java:3138)
	at com.sun.org.apache.xerces.internal.impl.XMLDocumentScannerImpl$PrologDriver.next(XMLDocumentScannerImpl.java:880)
	at com.sun.org.apache.xerces.internal.impl.XMLDocumentScannerImpl.next(XMLDocumentScannerImpl.java:606)
	at com.sun.org.apache.xerces.internal.impl.XMLNSDocumentScannerImpl.next(XMLNSDocumentScannerImpl.java:117)
	at com.sun.org.apache.xerces.internal.impl.XMLDocumentFragmentScannerImpl.scanDocument(XMLDocumentFragmentScannerImpl.java:510)
	at com.sun.org.apache.xerces.internal.parsers.XML11Configuration.parse(XML11Configuration.java:848)
	at com.sun.org.apache.xerces.internal.parsers.XML11Configuration.parse(XML11Configuration.java:777)
	at com.sun.org.apache.xerces.internal.parsers.XMLParser.parse(XMLParser.java:141)
	at com.sun.org.apache.xerces.internal.parsers.AbstractSAXParser.parse(AbstractSAXParser.java:1213)
	at com.sun.org.apache.xerces.internal.jaxp.SAXParserImpl$JAXPSAXParser.parse(SAXParserImpl.java:649)
	at com.sun.xml.bind.v2.runtime.unmarshaller.UnmarshallerImpl.unmarshal0(UnmarshallerImpl.java:218)
	at com.sun.xml.bind.v2.runtime.unmarshaller.UnmarshallerImpl.unmarshal(UnmarshallerImpl.java:190)
	at javax.xml.bind.helpers.AbstractUnmarshallerImpl.unmarshal(AbstractUnmarshallerImpl.java:157)
	at javax.xml.bind.helpers.AbstractUnmarshallerImpl.unmarshal(AbstractUnmarshallerImpl.java:204)
	at com.pacsun.util.JAXBUnmarshallerUtil.getJAXBObject(JAXBUnmarshallerUtil.java:23)
	at com.pacsun.hingeto.listingexport.process.ListingExportProcess.unMarshalListingExportXmlFile(ListingExportProcess.java:130)
	at com.pacsun.hingeto.listingexport.process.ListingExportProcess.processFiles(ListingExportProcess.java:72)
	at com.pacsun.hingeto.listingexport.process.ListingExportProcess.start(ListingExportProcess.java:59)
	at com.pacsun.hingeto.listingexport.process.ListingExportRequestor.run(ListingExportRequestor.java:33)
	at com.pacsun.hingeto.listingexport.process.ListingExportRequestor.main(ListingExportRequestor.java:18)

Aug 30 2019 18:22:16,092 [main] ERROR - com.pacsun.hingeto.listingexport.process.ListingExportRequestor : Error in hingeto listing export.
java.lang.Exception: com.pacsun.hingeto.listingexport.process.ListingExportProcess : javax.xml.bind.UnmarshalException: unexpected element (uri:"https://www.hingeto.com/xml/V0.1", local:"feed"). Expected elements are <{}feed>
	at com.sun.xml.bind.v2.runtime.unmarshaller.UnmarshallingContext.handleEvent(UnmarshallingContext.java:662)
	at com.sun.xml.bind.v2.runtime.unmarshaller.Loader.reportError(Loader.java:258)
	at com.sun.xml.bind.v2.runtime.unmarshaller.Loader.reportError(Loader.java:253)
	at com.sun.xml.bind.v2.runtime.unmarshaller.Loader.reportUnexpectedChildElement(Loader.java:120)
	at com.sun.xml.bind.v2.runtime.unmarshaller.UnmarshallingContext$DefaultRootLoader.childElement(UnmarshallingContext.java:1063)
	at com.sun.xml.bind.v2.runtime.unmarshaller.UnmarshallingContext._startElement(UnmarshallingContext.java:498)
	at com.sun.xml.bind.v2.runtime.unmarshaller.UnmarshallingContext.startElement(UnmarshallingContext.java:480)
	at com.sun.xml.bind.v2.runtime.unmarshaller.SAXConnector.startElement(SAXConnector.java:150)
	at com.sun.org.apache.xerces.internal.parsers.AbstractSAXParser.startElement(AbstractSAXParser.java:509)
	at com.sun.org.apache.xerces.internal.impl.XMLNSDocumentScannerImpl.scanStartElement(XMLNSDocumentScannerImpl.java:379)
	at com.sun.org.apache.xerces.internal.impl.XMLNSDocumentScannerImpl$NSContentDriver.scanRootElementHook(XMLNSDocumentScannerImpl.java:605)
	at com.sun.org.apache.xerces.internal.impl.XMLDocumentFragmentScannerImpl$FragmentContentDriver.next(XMLDocumentFragmentScannerImpl.java:3138)
	at com.sun.org.apache.xerces.internal.impl.XMLDocumentScannerImpl$PrologDriver.next(XMLDocumentScannerImpl.java:880)
	at com.sun.org.apache.xerces.internal.impl.XMLDocumentScannerImpl.next(XMLDocumentScannerImpl.java:606)
	at com.sun.org.apache.xerces.internal.impl.XMLNSDocumentScannerImpl.next(XMLNSDocumentScannerImpl.java:117)
	at com.sun.org.apache.xerces.internal.impl.XMLDocumentFragmentScannerImpl.scanDocument(XMLDocumentFragmentScannerImpl.java:510)
	at com.sun.org.apache.xerces.internal.parsers.XML11Configuration.parse(XML11Configuration.java:848)
	at com.sun.org.apache.xerces.internal.parsers.XML11Configuration.parse(XML11Configuration.java:777)
	at com.sun.org.apache.xerces.internal.parsers.XMLParser.parse(XMLParser.java:141)
	at com.sun.org.apache.xerces.internal.parsers.AbstractSAXParser.parse(AbstractSAXParser.java:1213)
	at com.sun.org.apache.xerces.internal.jaxp.SAXParserImpl$JAXPSAXParser.parse(SAXParserImpl.java:649)
	at com.sun.xml.bind.v2.runtime.unmarshaller.UnmarshallerImpl.unmarshal0(UnmarshallerImpl.java:218)
	at com.sun.xml.bind.v2.runtime.unmarshaller.UnmarshallerImpl.unmarshal(UnmarshallerImpl.java:190)
	at javax.xml.bind.helpers.AbstractUnmarshallerImpl.unmarshal(AbstractUnmarshallerImpl.java:157)
	at javax.xml.bind.helpers.AbstractUnmarshallerImpl.unmarshal(AbstractUnmarshallerImpl.java:204)
	at com.pacsun.util.JAXBUnmarshallerUtil.getJAXBObject(JAXBUnmarshallerUtil.java:23)
	at com.pacsun.hingeto.listingexport.process.ListingExportProcess.unMarshalListingExportXmlFile(ListingExportProcess.java:130)
	at com.pacsun.hingeto.listingexport.process.ListingExportProcess.processFiles(ListingExportProcess.java:72)
	at com.pacsun.hingeto.listingexport.process.ListingExportProcess.start(ListingExportProcess.java:59)
	at com.pacsun.hingeto.listingexport.process.ListingExportRequestor.run(ListingExportRequestor.java:33)
	at com.pacsun.hingeto.listingexport.process.ListingExportRequestor.main(ListingExportRequestor.java:18)

	at com.pacsun.hingeto.listingexport.process.ListingExportProcess.unMarshalListingExportXmlFile(ListingExportProcess.java:135)
	at com.pacsun.hingeto.listingexport.process.ListingExportProcess.processFiles(ListingExportProcess.java:72)
	at com.pacsun.hingeto.listingexport.process.ListingExportProcess.start(ListingExportProcess.java:59)
	at com.pacsun.hingeto.listingexport.process.ListingExportRequestor.run(ListingExportRequestor.java:33)
	at com.pacsun.hingeto.listingexport.process.ListingExportRequestor.main(ListingExportRequestor.java:18)

Aug 30 2019 18:22:16,092 [main] ERROR - java.lang.Exception: com.pacsun.hingeto.listingexport.process.ListingExportRequestor : Error in hingeto listing export.
java.lang.Exception: com.pacsun.hingeto.listingexport.process.ListingExportProcess : javax.xml.bind.UnmarshalException: unexpected element (uri:"https://www.hingeto.com/xml/V0.1", local:"feed"). Expected elements are <{}feed>
	at com.sun.xml.bind.v2.runtime.unmarshaller.UnmarshallingContext.handleEvent(UnmarshallingContext.java:662)
	at com.sun.xml.bind.v2.runtime.unmarshaller.Loader.reportError(Loader.java:258)
	at com.sun.xml.bind.v2.runtime.unmarshaller.Loader.reportError(Loader.java:253)
	at com.sun.xml.bind.v2.runtime.unmarshaller.Loader.reportUnexpectedChildElement(Loader.java:120)
	at com.sun.xml.bind.v2.runtime.unmarshaller.UnmarshallingContext$DefaultRootLoader.childElement(UnmarshallingContext.java:1063)
	at com.sun.xml.bind.v2.runtime.unmarshaller.UnmarshallingContext._startElement(UnmarshallingContext.java:498)
	at com.sun.xml.bind.v2.runtime.unmarshaller.UnmarshallingContext.startElement(UnmarshallingContext.java:480)
	at com.sun.xml.bind.v2.runtime.unmarshaller.SAXConnector.startElement(SAXConnector.java:150)
	at com.sun.org.apache.xerces.internal.parsers.AbstractSAXParser.startElement(AbstractSAXParser.java:509)
	at com.sun.org.apache.xerces.internal.impl.XMLNSDocumentScannerImpl.scanStartElement(XMLNSDocumentScannerImpl.java:379)
	at com.sun.org.apache.xerces.internal.impl.XMLNSDocumentScannerImpl$NSContentDriver.scanRootElementHook(XMLNSDocumentScannerImpl.java:605)
	at com.sun.org.apache.xerces.internal.impl.XMLDocumentFragmentScannerImpl$FragmentContentDriver.next(XMLDocumentFragmentScannerImpl.java:3138)
	at com.sun.org.apache.xerces.internal.impl.XMLDocumentScannerImpl$PrologDriver.next(XMLDocumentScannerImpl.java:880)
	at com.sun.org.apache.xerces.internal.impl.XMLDocumentScannerImpl.next(XMLDocumentScannerImpl.java:606)
	at com.sun.org.apache.xerces.internal.impl.XMLNSDocumentScannerImpl.next(XMLNSDocumentScannerImpl.java:117)
	at com.sun.org.apache.xerces.internal.impl.XMLDocumentFragmentScannerImpl.scanDocument(XMLDocumentFragmentScannerImpl.java:510)
	at com.sun.org.apache.xerces.internal.parsers.XML11Configuration.parse(XML11Configuration.java:848)
	at com.sun.org.apache.xerces.internal.parsers.XML11Configuration.parse(XML11Configuration.java:777)
	at com.sun.org.apache.xerces.internal.parsers.XMLParser.parse(XMLParser.java:141)
	at com.sun.org.apache.xerces.internal.parsers.AbstractSAXParser.parse(AbstractSAXParser.java:1213)
	at com.sun.org.apache.xerces.internal.jaxp.SAXParserImpl$JAXPSAXParser.parse(SAXParserImpl.java:649)
	at com.sun.xml.bind.v2.runtime.unmarshaller.UnmarshallerImpl.unmarshal0(UnmarshallerImpl.java:218)
	at com.sun.xml.bind.v2.runtime.unmarshaller.UnmarshallerImpl.unmarshal(UnmarshallerImpl.java:190)
	at javax.xml.bind.helpers.AbstractUnmarshallerImpl.unmarshal(AbstractUnmarshallerImpl.java:157)
	at javax.xml.bind.helpers.AbstractUnmarshallerImpl.unmarshal(AbstractUnmarshallerImpl.java:204)
	at com.pacsun.util.JAXBUnmarshallerUtil.getJAXBObject(JAXBUnmarshallerUtil.java:23)
	at com.pacsun.hingeto.listingexport.process.ListingExportProcess.unMarshalListingExportXmlFile(ListingExportProcess.java:130)
	at com.pacsun.hingeto.listingexport.process.ListingExportProcess.processFiles(ListingExportProcess.java:72)
	at com.pacsun.hingeto.listingexport.process.ListingExportProcess.start(ListingExportProcess.java:59)
	at com.pacsun.hingeto.listingexport.process.ListingExportRequestor.run(ListingExportRequestor.java:33)
	at com.pacsun.hingeto.listingexport.process.ListingExportRequestor.main(ListingExportRequestor.java:18)

	at com.pacsun.hingeto.listingexport.process.ListingExportProcess.unMarshalListingExportXmlFile(ListingExportProcess.java:135)
	at com.pacsun.hingeto.listingexport.process.ListingExportProcess.processFiles(ListingExportProcess.java:72)
	at com.pacsun.hingeto.listingexport.process.ListingExportProcess.start(ListingExportProcess.java:59)
	at com.pacsun.hingeto.listingexport.process.ListingExportRequestor.run(ListingExportRequestor.java:33)
	at com.pacsun.hingeto.listingexport.process.ListingExportRequestor.main(ListingExportRequestor.java:18)

	at com.pacsun.hingeto.listingexport.process.ListingExportRequestor.run(ListingExportRequestor.java:40)
	at com.pacsun.hingeto.listingexport.process.ListingExportRequestor.main(ListingExportRequestor.java:18)

Aug 30 2019 18:39:33,831 [main]  INFO - Hingeto listing export process has started.
Aug 30 2019 18:39:52,837 [main]  INFO - Expanded assortment inventory file was cleared for new process.
Aug 30 2019 18:40:20,459 [main]  INFO - Processed Inventories-2019-08-29-1567046435.xml. 1017 record(s) inserted in expanded assortment inventory file.
Aug 30 2019 18:40:20,459 [main]  INFO - Hingeto listing export process has completed successfully.
Aug 30 2019 18:40:20,459 [main]  INFO - Hingeto listing response import process has started.
Aug 30 2019 18:40:21,773 [main]  INFO - Listing response import file ListingResponse20190830_184021.xml was created.
Aug 30 2019 18:40:27,457 [main]  INFO - ListingResponse20190830_184021.xml was successfully sent to Hingeto via FTP and moved to the processed folder.
