Aug 30 2019 18:31:21,546 [main]  INFO - Hingeto product export process has started.
Aug 30 2019 18:31:27,651 [main] ERROR - com.pacsun.hingeto.productexport.process.ProductExportProcess : javax.xml.bind.UnmarshalException: unexpected element (uri:"https://www.hingeto.com/xml/V0.1", local:"feed"). Expected elements are <{}feed>
	at com.sun.xml.bind.v2.runtime.unmarshaller.UnmarshallingContext.handleEvent(UnmarshallingContext.java:662)
	at com.sun.xml.bind.v2.runtime.unmarshaller.Loader.reportError(Loader.java:258)
	at com.sun.xml.bind.v2.runtime.unmarshaller.Loader.reportError(Loader.java:253)
	at com.sun.xml.bind.v2.runtime.unmarshaller.Loader.reportUnexpectedChildElement(Loader.java:120)
	at com.sun.xml.bind.v2.runtime.unmarshaller.UnmarshallingContext$DefaultRootLoader.childElement(UnmarshallingContext.java:1063)
	at com.sun.xml.bind.v2.runtime.unmarshaller.UnmarshallingContext._startElement(UnmarshallingContext.java:498)
	at com.sun.xml.bind.v2.runtime.unmarshaller.UnmarshallingContext.startElement(UnmarshallingContext.java:480)
	at com.sun.xml.bind.v2.runtime.unmarshaller.SAXConnector.startElement(SAXConnector.java:150)
	at com.sun.org.apache.xerces.internal.parsers.AbstractSAXParser.startElement(AbstractSAXParser.java:509)
	at com.sun.org.apache.xerces.internal.impl.XMLNSDocumentScannerImpl.scanStartElement(XMLNSDocumentScannerImpl.java:379)
	at com.sun.org.apache.xerces.internal.impl.XMLNSDocumentScannerImpl$NSContentDriver.scanRootElementHook(XMLNSDocumentScannerImpl.java:605)
	at com.sun.org.apache.xerces.internal.impl.XMLDocumentFragmentScannerImpl$FragmentContentDriver.next(XMLDocumentFragmentScannerImpl.java:3138)
	at com.sun.org.apache.xerces.internal.impl.XMLDocumentScannerImpl$PrologDriver.next(XMLDocumentScannerImpl.java:880)
	at com.sun.org.apache.xerces.internal.impl.XMLDocumentScannerImpl.next(XMLDocumentScannerImpl.java:606)
	at com.sun.org.apache.xerces.internal.impl.XMLNSDocumentScannerImpl.next(XMLNSDocumentScannerImpl.java:117)
	at com.sun.org.apache.xerces.internal.impl.XMLDocumentFragmentScannerImpl.scanDocument(XMLDocumentFragmentScannerImpl.java:510)
	at com.sun.org.apache.xerces.internal.parsers.XML11Configuration.parse(XML11Configuration.java:848)
	at com.sun.org.apache.xerces.internal.parsers.XML11Configuration.parse(XML11Configuration.java:777)
	at com.sun.org.apache.xerces.internal.parsers.XMLParser.parse(XMLParser.java:141)
	at com.sun.org.apache.xerces.internal.parsers.AbstractSAXParser.parse(AbstractSAXParser.java:1213)
	at com.sun.org.apache.xerces.internal.jaxp.SAXParserImpl$JAXPSAXParser.parse(SAXParserImpl.java:649)
	at com.sun.xml.bind.v2.runtime.unmarshaller.UnmarshallerImpl.unmarshal0(UnmarshallerImpl.java:218)
	at com.sun.xml.bind.v2.runtime.unmarshaller.UnmarshallerImpl.unmarshal(UnmarshallerImpl.java:190)
	at javax.xml.bind.helpers.AbstractUnmarshallerImpl.unmarshal(AbstractUnmarshallerImpl.java:157)
	at javax.xml.bind.helpers.AbstractUnmarshallerImpl.unmarshal(AbstractUnmarshallerImpl.java:204)
	at com.pacsun.util.JAXBUnmarshallerUtil.getJAXBObject(JAXBUnmarshallerUtil.java:23)
	at com.pacsun.hingeto.productexport.process.ProductExportProcess.unMarshalListingExportXmlFile(ProductExportProcess.java:210)
	at com.pacsun.hingeto.productexport.process.ProductExportProcess.start(ProductExportProcess.java:73)
	at com.pacsun.hingeto.productexport.process.ProductExportRequestor.run(ProductExportRequestor.java:31)
	at com.pacsun.hingeto.productexport.process.ProductExportRequestor.main(ProductExportRequestor.java:17)

Aug 30 2019 18:31:27,651 [main] ERROR - com.pacsun.hingeto.productexport.process.ProductExportRequestor : Error in hingeto product export.
java.lang.Exception: com.pacsun.hingeto.productexport.process.ProductExportProcess : javax.xml.bind.UnmarshalException: unexpected element (uri:"https://www.hingeto.com/xml/V0.1", local:"feed"). Expected elements are <{}feed>
	at com.sun.xml.bind.v2.runtime.unmarshaller.UnmarshallingContext.handleEvent(UnmarshallingContext.java:662)
	at com.sun.xml.bind.v2.runtime.unmarshaller.Loader.reportError(Loader.java:258)
	at com.sun.xml.bind.v2.runtime.unmarshaller.Loader.reportError(Loader.java:253)
	at com.sun.xml.bind.v2.runtime.unmarshaller.Loader.reportUnexpectedChildElement(Loader.java:120)
	at com.sun.xml.bind.v2.runtime.unmarshaller.UnmarshallingContext$DefaultRootLoader.childElement(UnmarshallingContext.java:1063)
	at com.sun.xml.bind.v2.runtime.unmarshaller.UnmarshallingContext._startElement(UnmarshallingContext.java:498)
	at com.sun.xml.bind.v2.runtime.unmarshaller.UnmarshallingContext.startElement(UnmarshallingContext.java:480)
	at com.sun.xml.bind.v2.runtime.unmarshaller.SAXConnector.startElement(SAXConnector.java:150)
	at com.sun.org.apache.xerces.internal.parsers.AbstractSAXParser.startElement(AbstractSAXParser.java:509)
	at com.sun.org.apache.xerces.internal.impl.XMLNSDocumentScannerImpl.scanStartElement(XMLNSDocumentScannerImpl.java:379)
	at com.sun.org.apache.xerces.internal.impl.XMLNSDocumentScannerImpl$NSContentDriver.scanRootElementHook(XMLNSDocumentScannerImpl.java:605)
	at com.sun.org.apache.xerces.internal.impl.XMLDocumentFragmentScannerImpl$FragmentContentDriver.next(XMLDocumentFragmentScannerImpl.java:3138)
	at com.sun.org.apache.xerces.internal.impl.XMLDocumentScannerImpl$PrologDriver.next(XMLDocumentScannerImpl.java:880)
	at com.sun.org.apache.xerces.internal.impl.XMLDocumentScannerImpl.next(XMLDocumentScannerImpl.java:606)
	at com.sun.org.apache.xerces.internal.impl.XMLNSDocumentScannerImpl.next(XMLNSDocumentScannerImpl.java:117)
	at com.sun.org.apache.xerces.internal.impl.XMLDocumentFragmentScannerImpl.scanDocument(XMLDocumentFragmentScannerImpl.java:510)
	at com.sun.org.apache.xerces.internal.parsers.XML11Configuration.parse(XML11Configuration.java:848)
	at com.sun.org.apache.xerces.internal.parsers.XML11Configuration.parse(XML11Configuration.java:777)
	at com.sun.org.apache.xerces.internal.parsers.XMLParser.parse(XMLParser.java:141)
	at com.sun.org.apache.xerces.internal.parsers.AbstractSAXParser.parse(AbstractSAXParser.java:1213)
	at com.sun.org.apache.xerces.internal.jaxp.SAXParserImpl$JAXPSAXParser.parse(SAXParserImpl.java:649)
	at com.sun.xml.bind.v2.runtime.unmarshaller.UnmarshallerImpl.unmarshal0(UnmarshallerImpl.java:218)
	at com.sun.xml.bind.v2.runtime.unmarshaller.UnmarshallerImpl.unmarshal(UnmarshallerImpl.java:190)
	at javax.xml.bind.helpers.AbstractUnmarshallerImpl.unmarshal(AbstractUnmarshallerImpl.java:157)
	at javax.xml.bind.helpers.AbstractUnmarshallerImpl.unmarshal(AbstractUnmarshallerImpl.java:204)
	at com.pacsun.util.JAXBUnmarshallerUtil.getJAXBObject(JAXBUnmarshallerUtil.java:23)
	at com.pacsun.hingeto.productexport.process.ProductExportProcess.unMarshalListingExportXmlFile(ProductExportProcess.java:210)
	at com.pacsun.hingeto.productexport.process.ProductExportProcess.start(ProductExportProcess.java:73)
	at com.pacsun.hingeto.productexport.process.ProductExportRequestor.run(ProductExportRequestor.java:31)
	at com.pacsun.hingeto.productexport.process.ProductExportRequestor.main(ProductExportRequestor.java:17)

	at com.pacsun.hingeto.productexport.process.ProductExportProcess.unMarshalListingExportXmlFile(ProductExportProcess.java:215)
	at com.pacsun.hingeto.productexport.process.ProductExportProcess.start(ProductExportProcess.java:73)
	at com.pacsun.hingeto.productexport.process.ProductExportRequestor.run(ProductExportRequestor.java:31)
	at com.pacsun.hingeto.productexport.process.ProductExportRequestor.main(ProductExportRequestor.java:17)

Aug 30 2019 18:31:27,651 [main] ERROR - java.lang.Exception: com.pacsun.hingeto.productexport.process.ProductExportRequestor : Error in hingeto product export.
java.lang.Exception: com.pacsun.hingeto.productexport.process.ProductExportProcess : javax.xml.bind.UnmarshalException: unexpected element (uri:"https://www.hingeto.com/xml/V0.1", local:"feed"). Expected elements are <{}feed>
	at com.sun.xml.bind.v2.runtime.unmarshaller.UnmarshallingContext.handleEvent(UnmarshallingContext.java:662)
	at com.sun.xml.bind.v2.runtime.unmarshaller.Loader.reportError(Loader.java:258)
	at com.sun.xml.bind.v2.runtime.unmarshaller.Loader.reportError(Loader.java:253)
	at com.sun.xml.bind.v2.runtime.unmarshaller.Loader.reportUnexpectedChildElement(Loader.java:120)
	at com.sun.xml.bind.v2.runtime.unmarshaller.UnmarshallingContext$DefaultRootLoader.childElement(UnmarshallingContext.java:1063)
	at com.sun.xml.bind.v2.runtime.unmarshaller.UnmarshallingContext._startElement(UnmarshallingContext.java:498)
	at com.sun.xml.bind.v2.runtime.unmarshaller.UnmarshallingContext.startElement(UnmarshallingContext.java:480)
	at com.sun.xml.bind.v2.runtime.unmarshaller.SAXConnector.startElement(SAXConnector.java:150)
	at com.sun.org.apache.xerces.internal.parsers.AbstractSAXParser.startElement(AbstractSAXParser.java:509)
	at com.sun.org.apache.xerces.internal.impl.XMLNSDocumentScannerImpl.scanStartElement(XMLNSDocumentScannerImpl.java:379)
	at com.sun.org.apache.xerces.internal.impl.XMLNSDocumentScannerImpl$NSContentDriver.scanRootElementHook(XMLNSDocumentScannerImpl.java:605)
	at com.sun.org.apache.xerces.internal.impl.XMLDocumentFragmentScannerImpl$FragmentContentDriver.next(XMLDocumentFragmentScannerImpl.java:3138)
	at com.sun.org.apache.xerces.internal.impl.XMLDocumentScannerImpl$PrologDriver.next(XMLDocumentScannerImpl.java:880)
	at com.sun.org.apache.xerces.internal.impl.XMLDocumentScannerImpl.next(XMLDocumentScannerImpl.java:606)
	at com.sun.org.apache.xerces.internal.impl.XMLNSDocumentScannerImpl.next(XMLNSDocumentScannerImpl.java:117)
	at com.sun.org.apache.xerces.internal.impl.XMLDocumentFragmentScannerImpl.scanDocument(XMLDocumentFragmentScannerImpl.java:510)
	at com.sun.org.apache.xerces.internal.parsers.XML11Configuration.parse(XML11Configuration.java:848)
	at com.sun.org.apache.xerces.internal.parsers.XML11Configuration.parse(XML11Configuration.java:777)
	at com.sun.org.apache.xerces.internal.parsers.XMLParser.parse(XMLParser.java:141)
	at com.sun.org.apache.xerces.internal.parsers.AbstractSAXParser.parse(AbstractSAXParser.java:1213)
	at com.sun.org.apache.xerces.internal.jaxp.SAXParserImpl$JAXPSAXParser.parse(SAXParserImpl.java:649)
	at com.sun.xml.bind.v2.runtime.unmarshaller.UnmarshallerImpl.unmarshal0(UnmarshallerImpl.java:218)
	at com.sun.xml.bind.v2.runtime.unmarshaller.UnmarshallerImpl.unmarshal(UnmarshallerImpl.java:190)
	at javax.xml.bind.helpers.AbstractUnmarshallerImpl.unmarshal(AbstractUnmarshallerImpl.java:157)
	at javax.xml.bind.helpers.AbstractUnmarshallerImpl.unmarshal(AbstractUnmarshallerImpl.java:204)
	at com.pacsun.util.JAXBUnmarshallerUtil.getJAXBObject(JAXBUnmarshallerUtil.java:23)
	at com.pacsun.hingeto.productexport.process.ProductExportProcess.unMarshalListingExportXmlFile(ProductExportProcess.java:210)
	at com.pacsun.hingeto.productexport.process.ProductExportProcess.start(ProductExportProcess.java:73)
	at com.pacsun.hingeto.productexport.process.ProductExportRequestor.run(ProductExportRequestor.java:31)
	at com.pacsun.hingeto.productexport.process.ProductExportRequestor.main(ProductExportRequestor.java:17)

	at com.pacsun.hingeto.productexport.process.ProductExportProcess.unMarshalListingExportXmlFile(ProductExportProcess.java:215)
	at com.pacsun.hingeto.productexport.process.ProductExportProcess.start(ProductExportProcess.java:73)
	at com.pacsun.hingeto.productexport.process.ProductExportRequestor.run(ProductExportRequestor.java:31)
	at com.pacsun.hingeto.productexport.process.ProductExportRequestor.main(ProductExportRequestor.java:17)

	at com.pacsun.hingeto.productexport.process.ProductExportRequestor.run(ProductExportRequestor.java:35)
	at com.pacsun.hingeto.productexport.process.ProductExportRequestor.main(ProductExportRequestor.java:17)

Aug 30 2019 18:42:08,441 [main]  INFO - Hingeto product export process has started.
Aug 30 2019 18:42:25,482 [main]  INFO - Processed Products-2019-08-29-1567087481-d38b00e8c725f613d8a5514dea5e9cdfaea2a51f.xml. 1 record(s) inserted in expanded assortment product file.
Aug 30 2019 18:42:25,482 [main]  INFO - Hingeto product export process has completed successfully.
